<?xml version="1.0" encoding="UTF-8"?>
<!-- Generated by org.testng.reporters.JUnitXMLReporter -->
<testsuite hostname="KISHSING-LAP" ignored="4" name="fa_test" tests="1" failures="1" timestamp="28 Jun 2019 10:12:03 GMT" time="207.64" errors="0">
  <testcase name="testExecuteCJob" time="180.427" classname="com.oracle.fa.qa.selenium.component.ess.test.ExecuteBIPJobTest">
    <failure type="org.openqa.selenium.NoSuchElementException" message="Unable to locate element: //*[@id=&amp;apos;pt1:_FOr1:1:_FOSritemNode_tools_scheduled_processes_fuse_plus:0:_FOTsr1:0:pt1:selectOneChoice2_afrLovInternalTableId::db&amp;apos;]/table/tbody/tr[1]
For documentation on this error, please visit: http://seleniumhq.org/exceptions/no_such_element.html
Build info: version: &amp;apos;3.11.0&amp;apos;, revision: &amp;apos;e59cfb3&amp;apos;, time: &amp;apos;2018-03-11T20:26:55.152Z&amp;apos;
System info: host: &amp;apos;KISHSING-LAP&amp;apos;, ip: &amp;apos;10.191.221.131&amp;apos;, os.name: &amp;apos;Windows 7&amp;apos;, os.arch: &amp;apos;amd64&amp;apos;, os.version: &amp;apos;6.1&amp;apos;, java.version: &amp;apos;1.8.0_161&amp;apos;
Driver info: org.openqa.selenium.firefox.FirefoxDriver
Capabilities {acceptInsecureCerts: true, browserName: firefox, browserVersion: 60.7.2, javascriptEnabled: true, moz:accessibilityChecks: false, moz:geckodriverVersion: 0.24.0, moz:headless: false, moz:processID: 13668, moz:profile: C:\Users\kishsing\AppData\L..., moz:useNonSpecCompliantPointerOrigin: false, moz:webdriverClick: true, pageLoadStrategy: normal, platform: XP, platformName: XP, platformVersion: 6.1, rotatable: false, timeouts: {implicit: 0, pageLoad: 300000, script: 30000}}
Session ID: 2c06395f-1303-43c7-8f4c-0f633c943ae0
*** Element info: {Using=xpath, value=//*[@id=&amp;apos;pt1:_FOr1:1:_FOSritemNode_tools_scheduled_processes_fuse_plus:0:_FOTsr1:0:pt1:selectOneChoice2_afrLovInternalTableId::db&amp;apos;]/table/tbody/tr[1]}">
      <![CDATA[org.openqa.selenium.NoSuchElementException: Unable to locate element: //*[@id='pt1:_FOr1:1:_FOSritemNode_tools_scheduled_processes_fuse_plus:0:_FOTsr1:0:pt1:selectOneChoice2_afrLovInternalTableId::db']/table/tbody/tr[1]
For documentation on this error, please visit: http://seleniumhq.org/exceptions/no_such_element.html
Build info: version: '3.11.0', revision: 'e59cfb3', time: '2018-03-11T20:26:55.152Z'
System info: host: 'KISHSING-LAP', ip: '10.191.221.131', os.name: 'Windows 7', os.arch: 'amd64', os.version: '6.1', java.version: '1.8.0_161'
Driver info: org.openqa.selenium.firefox.FirefoxDriver
Capabilities {acceptInsecureCerts: true, browserName: firefox, browserVersion: 60.7.2, javascriptEnabled: true, moz:accessibilityChecks: false, moz:geckodriverVersion: 0.24.0, moz:headless: false, moz:processID: 13668, moz:profile: C:\Users\kishsing\AppData\L..., moz:useNonSpecCompliantPointerOrigin: false, moz:webdriverClick: true, pageLoadStrategy: normal, platform: XP, platformName: XP, platformVersion: 6.1, rotatable: false, timeouts: {implicit: 0, pageLoad: 300000, script: 30000}}
Session ID: 2c06395f-1303-43c7-8f4c-0f633c943ae0
*** Element info: {Using=xpath, value=//*[@id='pt1:_FOr1:1:_FOSritemNode_tools_scheduled_processes_fuse_plus:0:_FOTsr1:0:pt1:selectOneChoice2_afrLovInternalTableId::db']/table/tbody/tr[1]}
	at org.openqa.selenium.remote.http.W3CHttpResponseCodec.createException(W3CHttpResponseCodec.java:187)
	at org.openqa.selenium.remote.http.W3CHttpResponseCodec.decode(W3CHttpResponseCodec.java:122)
	at org.openqa.selenium.remote.http.W3CHttpResponseCodec.decode(W3CHttpResponseCodec.java:49)
	at org.openqa.selenium.remote.HttpCommandExecutor.execute(HttpCommandExecutor.java:158)
	at org.openqa.selenium.remote.service.DriverCommandExecutor.execute(DriverCommandExecutor.java:83)
	at org.openqa.selenium.remote.RemoteWebDriver.execute(RemoteWebDriver.java:545)
	at org.openqa.selenium.remote.RemoteWebDriver.findElement(RemoteWebDriver.java:319)
	at org.openqa.selenium.remote.RemoteWebDriver.findElementByXPath(RemoteWebDriver.java:421)
	at org.openqa.selenium.By$ByXPath.findElement(By.java:361)
	at org.openqa.selenium.remote.RemoteWebDriver.findElement(RemoteWebDriver.java:311)
	at oracle.ojet.automation.test.selenium.OJetWebDriver.findElement(OJetWebDriver.java:110)
	at org.openqa.selenium.support.pagefactory.DefaultElementLocator.findElement(DefaultElementLocator.java:69)
	at org.openqa.selenium.support.pagefactory.internal.LocatingElementHandler.invoke(LocatingElementHandler.java:38)
	at com.sun.proxy.$Proxy16.click(Unknown Source)
	at com.oracle.fa.qa.selenium.component.ess.page.ESSUIProcessSearchPage.searchProcess(ESSUIProcessSearchPage.java:88)
	at com.oracle.fa.qa.selenium.component.ess.test.ESSBase.executeProcess(ESSBase.java:26)
	at com.oracle.fa.qa.selenium.component.ess.test.ESSBase.executeCJobs(ESSBase.java:105)
	at com.oracle.fa.qa.selenium.component.ess.test.ExecuteBIPJobTest.testExecuteCJob(ExecuteBIPJobTest.java:23)
... Removed 28 stack frames]]>
    </failure>
  </testcase> <!-- testExecuteCJob -->
  <testcase name="testPutOnHoldCJob" time="0.0" classname="com.oracle.fa.qa.selenium.component.ess.test.ExecuteBIPJobTest">
    <ignored/>
  </testcase> <!-- testPutOnHoldCJob -->
  <testcase name="testResubmitCJob" time="0.0" classname="com.oracle.fa.qa.selenium.component.ess.test.ExecuteBIPJobTest">
    <ignored/>
  </testcase> <!-- testResubmitCJob -->
  <testcase name="testReleaseCJob" time="0.0" classname="com.oracle.fa.qa.selenium.component.ess.test.ExecuteBIPJobTest">
    <ignored/>
  </testcase> <!-- testReleaseCJob -->
  <testcase name="testSearchById_C" time="0.0" classname="com.oracle.fa.qa.selenium.component.ess.test.ExecuteBIPJobTest">
    <ignored/>
  </testcase> <!-- testSearchById_C -->
</testsuite> <!-- fa_test -->
