<?xml version="1.0" encoding="UTF-8"?>
<!-- Generated by org.testng.reporters.JUnitXMLReporter -->
<testsuite hostname="KISHSING-LAP" ignored="0" name="FA_UI_AUTOMATION" tests="1" failures="1" timestamp="01 Apr 2019 17:49:53 GMT" time="152.021" errors="0">
  <testcase name="testExecuteJavaJob" time="133.027" classname="com.oracle.fa.qa.selenium.component.ess.test.ExecuteJavaJobTest">
    <failure type="org.openqa.selenium.InvalidSelectorException" message="Given xpath expression &amp;quot;FOpt1:_FOr1:0:_FOSritemNode_tools_scheduled_processes_fuse_plus:0:_FOTsr1:0:pt1:panel:result:0:j_id__ctru123pc4&amp;apos;]&amp;quot; is invalid: SyntaxError: The expression is not a legal expression.
For documentation on this error, please visit: http://seleniumhq.org/exceptions/invalid_selector_exception.html
Build info: version: &amp;apos;3.11.0&amp;apos;, revision: &amp;apos;e59cfb3&amp;apos;, time: &amp;apos;2018-03-11T20:26:55.152Z&amp;apos;
System info: host: &amp;apos;KISHSING-LAP&amp;apos;, ip: &amp;apos;10.191.225.15&amp;apos;, os.name: &amp;apos;Windows 7&amp;apos;, os.arch: &amp;apos;amd64&amp;apos;, os.version: &amp;apos;6.1&amp;apos;, java.version: &amp;apos;1.8.0_161&amp;apos;
Driver info: org.openqa.selenium.firefox.FirefoxDriver
Capabilities {acceptInsecureCerts: true, browserName: firefox, browserVersion: 60.6.1, javascriptEnabled: true, moz:accessibilityChecks: false, moz:geckodriverVersion: 0.24.0, moz:headless: false, moz:processID: 11308, moz:profile: C:\Users\kishsing\AppData\L..., moz:useNonSpecCompliantPointerOrigin: false, moz:webdriverClick: true, pageLoadStrategy: normal, platform: XP, platformName: XP, platformVersion: 6.1, rotatable: false, timeouts: {implicit: 0, pageLoad: 300000, script: 30000}}
Session ID: 17138020-0841-48d0-9a86-5372c8e6e56d
*** Element info: {Using=xpath, value=FOpt1:_FOr1:0:_FOSritemNode_tools_scheduled_processes_fuse_plus:0:_FOTsr1:0:pt1:panel:result:0:j_id__ctru123pc4&amp;apos;]}">
      <![CDATA[org.openqa.selenium.InvalidSelectorException: Given xpath expression "FOpt1:_FOr1:0:_FOSritemNode_tools_scheduled_processes_fuse_plus:0:_FOTsr1:0:pt1:panel:result:0:j_id__ctru123pc4']" is invalid: SyntaxError: The expression is not a legal expression.
For documentation on this error, please visit: http://seleniumhq.org/exceptions/invalid_selector_exception.html
Build info: version: '3.11.0', revision: 'e59cfb3', time: '2018-03-11T20:26:55.152Z'
System info: host: 'KISHSING-LAP', ip: '10.191.225.15', os.name: 'Windows 7', os.arch: 'amd64', os.version: '6.1', java.version: '1.8.0_161'
Driver info: org.openqa.selenium.firefox.FirefoxDriver
Capabilities {acceptInsecureCerts: true, browserName: firefox, browserVersion: 60.6.1, javascriptEnabled: true, moz:accessibilityChecks: false, moz:geckodriverVersion: 0.24.0, moz:headless: false, moz:processID: 11308, moz:profile: C:\Users\kishsing\AppData\L..., moz:useNonSpecCompliantPointerOrigin: false, moz:webdriverClick: true, pageLoadStrategy: normal, platform: XP, platformName: XP, platformVersion: 6.1, rotatable: false, timeouts: {implicit: 0, pageLoad: 300000, script: 30000}}
Session ID: 17138020-0841-48d0-9a86-5372c8e6e56d
*** Element info: {Using=xpath, value=FOpt1:_FOr1:0:_FOSritemNode_tools_scheduled_processes_fuse_plus:0:_FOTsr1:0:pt1:panel:result:0:j_id__ctru123pc4']}
	at org.openqa.selenium.remote.http.W3CHttpResponseCodec.createException(W3CHttpResponseCodec.java:187)
	at org.openqa.selenium.remote.http.W3CHttpResponseCodec.decode(W3CHttpResponseCodec.java:122)
	at org.openqa.selenium.remote.http.W3CHttpResponseCodec.decode(W3CHttpResponseCodec.java:49)
	at org.openqa.selenium.remote.HttpCommandExecutor.execute(HttpCommandExecutor.java:158)
	at org.openqa.selenium.remote.service.DriverCommandExecutor.execute(DriverCommandExecutor.java:83)
	at org.openqa.selenium.remote.RemoteWebDriver.execute(RemoteWebDriver.java:545)
	at org.openqa.selenium.remote.RemoteWebDriver.findElement(RemoteWebDriver.java:319)
	at org.openqa.selenium.remote.RemoteWebDriver.findElementByXPath(RemoteWebDriver.java:421)
	at org.openqa.selenium.By$ByXPath.findElement(By.java:361)
	at org.openqa.selenium.remote.RemoteWebDriver.findElement(RemoteWebDriver.java:311)
	at oracle.ojet.automation.test.selenium.OJetWebDriver.findElement(OJetWebDriver.java:110)
	at org.openqa.selenium.support.pagefactory.DefaultElementLocator.findElement(DefaultElementLocator.java:69)
	at org.openqa.selenium.support.pagefactory.internal.LocatingElementHandler.invoke(LocatingElementHandler.java:38)
	at com.sun.proxy.$Proxy17.getText(Unknown Source)
	at com.oracle.fa.qa.selenium.component.ess.page.ESSUIMonitorPage.getRecordStatus(ESSUIMonitorPage.java:376)
	at com.oracle.fa.qa.selenium.component.ess.test.ESSBase.executeProcess(ESSBase.java:40)
	at com.oracle.fa.qa.selenium.component.ess.test.ESSBase.executeJavaJobs(ESSBase.java:48)
	at com.oracle.fa.qa.selenium.component.ess.test.ExecuteJavaJobTest.testExecuteJavaJob(ExecuteJavaJobTest.java:15)
... Removed 28 stack frames]]>
    </failure>
  </testcase> <!-- testExecuteJavaJob -->
</testsuite> <!-- FA_UI_AUTOMATION -->
