<?xml version="1.0" encoding="UTF-8"?>
<!-- Generated by org.testng.reporters.JUnitXMLReporter -->
<testsuite hostname="KISHSING-LAP" ignored="7" name="FA_ESS_TEST" tests="18" failures="1" timestamp="22 May 2019 12:41:12 GMT" time="3740.85" errors="0">
  <testcase name="testExecuteJavaJob" time="155.571" classname="com.oracle.fa.qa.selenium.component.ess.test.ExecuteJavaJobTest"/>
  <testcase name="testCancelBIPJob" time="212.599" classname="com.oracle.fa.qa.selenium.component.ess.test.CancelProcessTest"/>
  <testcase name="testCancelJavaJob" time="213.683" classname="com.oracle.fa.qa.selenium.component.ess.test.CancelProcessTest"/>
  <testcase name="testCancelPLSQLJob" time="214.91" classname="com.oracle.fa.qa.selenium.component.ess.test.CancelProcessTest"/>
  <testcase name="testPutOnHoldBIPJob" time="213.286" classname="com.oracle.fa.qa.selenium.component.ess.test.PutOnHoldTest"/>
  <testcase name="testPutOnHoldJavaJob" time="203.503" classname="com.oracle.fa.qa.selenium.component.ess.test.PutOnHoldTest"/>
  <testcase name="testPutOnHoldPLSQLJob" time="206.641" classname="com.oracle.fa.qa.selenium.component.ess.test.PutOnHoldTest"/>
  <testcase name="testExecuteBIPJob" time="153.88" classname="com.oracle.fa.qa.selenium.component.ess.test.ExecuteBIPJobTest"/>
  <testcase name="testSearchById_BIP" time="140.512" classname="com.oracle.fa.qa.selenium.component.ess.test.SearchCriteriaTest"/>
  <testcase name="testSearchById_Java" time="140.076" classname="com.oracle.fa.qa.selenium.component.ess.test.SearchCriteriaTest"/>
  <testcase name="testSearchById_PLSQL" time="140.107" classname="com.oracle.fa.qa.selenium.component.ess.test.SearchCriteriaTest"/>
  <testcase name="testResubmitBIPJob" time="103.705" classname="com.oracle.fa.qa.selenium.component.ess.test.ReSubmitTest">
    <failure type="org.openqa.selenium.UnhandledAlertException" message=": 
Build info: version: &amp;apos;3.11.0&amp;apos;, revision: &amp;apos;e59cfb3&amp;apos;, time: &amp;apos;2018-03-11T20:26:55.152Z&amp;apos;
System info: host: &amp;apos;KISHSING-LAP&amp;apos;, ip: &amp;apos;10.191.247.10&amp;apos;, os.name: &amp;apos;Windows 7&amp;apos;, os.arch: &amp;apos;amd64&amp;apos;, os.version: &amp;apos;6.1&amp;apos;, java.version: &amp;apos;1.8.0_161&amp;apos;
Driver info: org.openqa.selenium.firefox.FirefoxDriver
Capabilities {acceptInsecureCerts: true, browserName: firefox, browserVersion: 60.6.3, javascriptEnabled: true, moz:accessibilityChecks: false, moz:geckodriverVersion: 0.24.0, moz:headless: false, moz:processID: 16892, moz:profile: C:\Users\kishsing\AppData\L..., moz:useNonSpecCompliantPointerOrigin: false, moz:webdriverClick: true, pageLoadStrategy: normal, platform: XP, platformName: XP, platformVersion: 6.1, rotatable: false, timeouts: {implicit: 0, pageLoad: 300000, script: 30000}}
Session ID: 6cfb9fc9-1647-4982-ae8a-2d4239e2b711
*** Element info: {Using=xpath, value=//button[@id=&amp;apos;_FOpt1:_FOr1:0:_FOSritemNode_tools_scheduled_processes_fuse_plus:0:_FOTsr1:0:pt1:snpokbtnid&amp;apos;]}">
      <![CDATA[org.openqa.selenium.UnhandledAlertException: : 
Build info: version: '3.11.0', revision: 'e59cfb3', time: '2018-03-11T20:26:55.152Z'
System info: host: 'KISHSING-LAP', ip: '10.191.247.10', os.name: 'Windows 7', os.arch: 'amd64', os.version: '6.1', java.version: '1.8.0_161'
Driver info: org.openqa.selenium.firefox.FirefoxDriver
Capabilities {acceptInsecureCerts: true, browserName: firefox, browserVersion: 60.6.3, javascriptEnabled: true, moz:accessibilityChecks: false, moz:geckodriverVersion: 0.24.0, moz:headless: false, moz:processID: 16892, moz:profile: C:\Users\kishsing\AppData\L..., moz:useNonSpecCompliantPointerOrigin: false, moz:webdriverClick: true, pageLoadStrategy: normal, platform: XP, platformName: XP, platformVersion: 6.1, rotatable: false, timeouts: {implicit: 0, pageLoad: 300000, script: 30000}}
Session ID: 6cfb9fc9-1647-4982-ae8a-2d4239e2b711
*** Element info: {Using=xpath, value=//button[@id='_FOpt1:_FOr1:0:_FOSritemNode_tools_scheduled_processes_fuse_plus:0:_FOTsr1:0:pt1:snpokbtnid']}
	at org.openqa.selenium.remote.http.W3CHttpResponseCodec.decode(W3CHttpResponseCodec.java:120)
	at org.openqa.selenium.remote.http.W3CHttpResponseCodec.decode(W3CHttpResponseCodec.java:49)
	at org.openqa.selenium.remote.HttpCommandExecutor.execute(HttpCommandExecutor.java:158)
	at org.openqa.selenium.remote.service.DriverCommandExecutor.execute(DriverCommandExecutor.java:83)
	at org.openqa.selenium.remote.RemoteWebDriver.execute(RemoteWebDriver.java:545)
	at org.openqa.selenium.remote.RemoteWebDriver.findElement(RemoteWebDriver.java:319)
	at org.openqa.selenium.remote.RemoteWebDriver.findElementByXPath(RemoteWebDriver.java:421)
	at org.openqa.selenium.By$ByXPath.findElement(By.java:361)
	at org.openqa.selenium.remote.RemoteWebDriver.findElement(RemoteWebDriver.java:311)
	at oracle.ojet.automation.test.selenium.OJetWebDriver.findElement(OJetWebDriver.java:110)
	at org.openqa.selenium.support.pagefactory.DefaultElementLocator.findElement(DefaultElementLocator.java:69)
	at org.openqa.selenium.support.pagefactory.internal.LocatingElementHandler.invoke(LocatingElementHandler.java:38)
	at com.sun.proxy.$Proxy16.click(Unknown Source)
	at com.oracle.fa.qa.selenium.component.ess.page.ESSUIProcessSearchPage.searchProcess(ESSUIProcessSearchPage.java:90)
	at com.oracle.fa.qa.selenium.component.ess.test.ESSBase.reSubmitProcess(ESSBase.java:426)
	at com.oracle.fa.qa.selenium.component.ess.test.ReSubmitTest.testResubmitBIPJob(ReSubmitTest.java:30)
	at java.util.concurrent.FutureTask.run(FutureTask.java:266)
	at java.util.concurrent.ThreadPoolExecutor.runWorker(ThreadPoolExecutor.java:1149)
	at java.util.concurrent.ThreadPoolExecutor$Worker.run(ThreadPoolExecutor.java:624)
	at java.lang.Thread.run(Thread.java:748)
... Removed 16 stack frames]]>
    </failure>
  </testcase> <!-- testResubmitBIPJob -->
  <testcase name="testResubmitJavaJob" time="186.464" classname="com.oracle.fa.qa.selenium.component.ess.test.ReSubmitTest"/>
  <testcase name="testResubmitPLSQLJob" time="188.276" classname="com.oracle.fa.qa.selenium.component.ess.test.ReSubmitTest"/>
  <testcase name="testExecutePLSQLJob" time="156.22" classname="com.oracle.fa.qa.selenium.component.ess.test.ExecutePLSQLJobTest"/>
  <testcase name="testPutOnHoldBIPJob" time="242.026" classname="com.oracle.fa.qa.selenium.component.ess.test.ReleaseProcessesTest"/>
  <testcase name="testPutOnHoldJavaJob" time="247.043" classname="com.oracle.fa.qa.selenium.component.ess.test.ReleaseProcessesTest"/>
  <testcase name="testPutOnHoldPLSQLJob" time="240.56" classname="com.oracle.fa.qa.selenium.component.ess.test.ReleaseProcessesTest"/>
  <testcase name="@BeforeSuite initData" time="0.0" classname="com.oracle.fa.qa.selenium.base.SeleniumBase">
    <ignored/>
  </testcase> <!-- @BeforeSuite initData -->
  <testcase name="@BeforeSuite initData" time="0.0" classname="com.oracle.fa.qa.selenium.base.SeleniumBase">
    <ignored/>
  </testcase> <!-- @BeforeSuite initData -->
  <testcase name="@BeforeSuite initData" time="0.0" classname="com.oracle.fa.qa.selenium.base.SeleniumBase">
    <ignored/>
  </testcase> <!-- @BeforeSuite initData -->
  <testcase name="@BeforeSuite initData" time="0.0" classname="com.oracle.fa.qa.selenium.base.SeleniumBase">
    <ignored/>
  </testcase> <!-- @BeforeSuite initData -->
  <testcase name="@BeforeSuite initData" time="0.0" classname="com.oracle.fa.qa.selenium.base.SeleniumBase">
    <ignored/>
  </testcase> <!-- @BeforeSuite initData -->
  <testcase name="@BeforeSuite initData" time="0.0" classname="com.oracle.fa.qa.selenium.base.SeleniumBase">
    <ignored/>
  </testcase> <!-- @BeforeSuite initData -->
  <testcase name="@BeforeSuite initData" time="0.0" classname="com.oracle.fa.qa.selenium.base.SeleniumBase">
    <ignored/>
  </testcase> <!-- @BeforeSuite initData -->
</testsuite> <!-- FA_ESS_TEST -->
